Analysis & Synthesis report for Lab2
Wed Apr 03 19:07:47 2024
Quartus II 64-Bit Version 13.0.1 Build 232 06/12/2013 Service Pack 1 SJ Web Edition


---------------------
; Table of Contents ;
---------------------
  1. Legal Notice
  2. Analysis & Synthesis Summary
  3. Analysis & Synthesis Settings
  4. Parallel Compilation
  5. Analysis & Synthesis Source Files Read
  6. Analysis & Synthesis Resource Usage Summary
  7. Analysis & Synthesis Resource Utilization by Entity
  8. General Register Statistics
  9. Elapsed Time Per Partition
 10. Analysis & Synthesis Messages



----------------
; Legal Notice ;
----------------
Copyright (C) 1991-2013 Altera Corporation
Your use of Altera Corporation's design tools, logic functions 
and other software and tools, and its AMPP partner logic 
functions, and any output files from any of the foregoing 
(including device programming or simulation files), and any 
associated documentation or information are expressly subject 
to the terms and conditions of the Altera Program License 
Subscription Agreement, Altera MegaCore Function License 
Agreement, or other applicable license agreement, including, 
without limitation, that your use is for the sole purpose of 
programming logic devices manufactured by Altera and sold by 
Altera or its authorized distributors.  Please refer to the 
applicable agreement for further details.



+--------------------------------------------------------------------------------------+
; Analysis & Synthesis Summary                                                         ;
+------------------------------------+-------------------------------------------------+
; Analysis & Synthesis Status        ; Successful - Wed Apr 03 19:07:47 2024           ;
; Quartus II 64-Bit Version          ; 13.0.1 Build 232 06/12/2013 SP 1 SJ Web Edition ;
; Revision Name                      ; Lab2                                            ;
; Top-level Entity Name              ; ThreeToOneMux8Bit                               ;
; Family                             ; Cyclone IV E                                    ;
; Total logic elements               ; 16                                              ;
;     Total combinational functions  ; 16                                              ;
;     Dedicated logic registers      ; 0                                               ;
; Total registers                    ; 0                                               ;
; Total pins                         ; 34                                              ;
; Total virtual pins                 ; 0                                               ;
; Total memory bits                  ; 0                                               ;
; Embedded Multiplier 9-bit elements ; 0                                               ;
; Total PLLs                         ; 0                                               ;
+------------------------------------+-------------------------------------------------+


+----------------------------------------------------------------------------------------------------------------------+
; Analysis & Synthesis Settings                                                                                        ;
+----------------------------------------------------------------------------+--------------------+--------------------+
; Option                                                                     ; Setting            ; Default Value      ;
+----------------------------------------------------------------------------+--------------------+--------------------+
; Device                                                                     ; EP4CE115F29C7      ;                    ;
; Top-level entity name                                                      ; ThreeToOneMux8Bit  ; Lab2               ;
; Family name                                                                ; Cyclone IV E       ; Cyclone IV GX      ;
; Use smart compilation                                                      ; Off                ; Off                ;
; Enable parallel Assembler and TimeQuest Timing Analyzer during compilation ; On                 ; On                 ;
; Enable compact report table                                                ; Off                ; Off                ;
; Restructure Multiplexers                                                   ; Auto               ; Auto               ;
; Create Debugging Nodes for IP Cores                                        ; Off                ; Off                ;
; Preserve fewer node names                                                  ; On                 ; On                 ;
; Disable OpenCore Plus hardware evaluation                                  ; Off                ; Off                ;
; Verilog Version                                                            ; Verilog_2001       ; Verilog_2001       ;
; VHDL Version                                                               ; VHDL_1993          ; VHDL_1993          ;
; State Machine Processing                                                   ; Auto               ; Auto               ;
; Safe State Machine                                                         ; Off                ; Off                ;
; Extract Verilog State Machines                                             ; On                 ; On                 ;
; Extract VHDL State Machines                                                ; On                 ; On                 ;
; Ignore Verilog initial constructs                                          ; Off                ; Off                ;
; Iteration limit for constant Verilog loops                                 ; 5000               ; 5000               ;
; Iteration limit for non-constant Verilog loops                             ; 250                ; 250                ;
; Add Pass-Through Logic to Inferred RAMs                                    ; On                 ; On                 ;
; Infer RAMs from Raw Logic                                                  ; On                 ; On                 ;
; Parallel Synthesis                                                         ; On                 ; On                 ;
; DSP Block Balancing                                                        ; Auto               ; Auto               ;
; NOT Gate Push-Back                                                         ; On                 ; On                 ;
; Power-Up Don't Care                                                        ; On                 ; On                 ;
; Remove Redundant Logic Cells                                               ; Off                ; Off                ;
; Remove Duplicate Registers                                                 ; On                 ; On                 ;
; Ignore CARRY Buffers                                                       ; Off                ; Off                ;
; Ignore CASCADE Buffers                                                     ; Off                ; Off                ;
; Ignore GLOBAL Buffers                                                      ; Off                ; Off                ;
; Ignore ROW GLOBAL Buffers                                                  ; Off                ; Off                ;
; Ignore LCELL Buffers                                                       ; Off                ; Off                ;
; Ignore SOFT Buffers                                                        ; On                 ; On                 ;
; Limit AHDL Integers to 32 Bits                                             ; Off                ; Off                ;
; Optimization Technique                                                     ; Balanced           ; Balanced           ;
; Carry Chain Length                                                         ; 70                 ; 70                 ;
; Auto Carry Chains                                                          ; On                 ; On                 ;
; Auto Open-Drain Pins                                                       ; On                 ; On                 ;
; Perform WYSIWYG Primitive Resynthesis                                      ; Off                ; Off                ;
; Auto ROM Replacement                                                       ; On                 ; On                 ;
; Auto RAM Replacement                                                       ; On                 ; On                 ;
; Auto DSP Block Replacement                                                 ; On                 ; On                 ;
; Auto Shift Register Replacement                                            ; Auto               ; Auto               ;
; Allow Shift Register Merging across Hierarchies                            ; Auto               ; Auto               ;
; Auto Clock Enable Replacement                                              ; On                 ; On                 ;
; Strict RAM Replacement                                                     ; Off                ; Off                ;
; Allow Synchronous Control Signals                                          ; On                 ; On                 ;
; Force Use of Synchronous Clear Signals                                     ; Off                ; Off                ;
; Auto RAM Block Balancing                                                   ; On                 ; On                 ;
; Auto RAM to Logic Cell Conversion                                          ; Off                ; Off                ;
; Auto Resource Sharing                                                      ; Off                ; Off                ;
; Allow Any RAM Size For Recognition                                         ; Off                ; Off                ;
; Allow Any ROM Size For Recognition                                         ; Off                ; Off                ;
; Allow Any Shift Register Size For Recognition                              ; Off                ; Off                ;
; Use LogicLock Constraints during Resource Balancing                        ; On                 ; On                 ;
; Ignore translate_off and synthesis_off directives                          ; Off                ; Off                ;
; Timing-Driven Synthesis                                                    ; On                 ; On                 ;
; Report Parameter Settings                                                  ; On                 ; On                 ;
; Report Source Assignments                                                  ; On                 ; On                 ;
; Report Connectivity Checks                                                 ; On                 ; On                 ;
; Ignore Maximum Fan-Out Assignments                                         ; Off                ; Off                ;
; Synchronization Register Chain Length                                      ; 2                  ; 2                  ;
; PowerPlay Power Optimization                                               ; Normal compilation ; Normal compilation ;
; HDL message level                                                          ; Level2             ; Level2             ;
; Suppress Register Optimization Related Messages                            ; Off                ; Off                ;
; Number of Removed Registers Reported in Synthesis Report                   ; 5000               ; 5000               ;
; Number of Swept Nodes Reported in Synthesis Report                         ; 5000               ; 5000               ;
; Number of Inverted Registers Reported in Synthesis Report                  ; 100                ; 100                ;
; Clock MUX Protection                                                       ; On                 ; On                 ;
; Auto Gated Clock Conversion                                                ; Off                ; Off                ;
; Block Design Naming                                                        ; Auto               ; Auto               ;
; SDC constraint protection                                                  ; Off                ; Off                ;
; Synthesis Effort                                                           ; Auto               ; Auto               ;
; Shift Register Replacement - Allow Asynchronous Clear Signal               ; On                 ; On                 ;
; Pre-Mapping Resynthesis Optimization                                       ; Off                ; Off                ;
; Analysis & Synthesis Message Level                                         ; Medium             ; Medium             ;
; Disable Register Merging Across Hierarchies                                ; Auto               ; Auto               ;
; Resource Aware Inference For Block RAM                                     ; On                 ; On                 ;
; Synthesis Seed                                                             ; 1                  ; 1                  ;
+----------------------------------------------------------------------------+--------------------+--------------------+


Parallel compilation was disabled, but you have multiple processors available. Enable parallel compilation to reduce compilation time.
+-------------------------------------+
; Parallel Compilation                ;
+----------------------------+--------+
; Processors                 ; Number ;
+----------------------------+--------+
; Number detected on machine ; 8      ;
; Maximum allowed            ; 1      ;
+----------------------------+--------+


+--------------------------------------------------------------------------------------------------------------------------------------------------------------------------------------------------------+
; Analysis & Synthesis Source Files Read                                                                                                                                                                 ;
+----------------------------------+-----------------+-----------------+-----------------------------------------------------------------------------------------------------------------------+---------+
; File Name with User-Entered Path ; Used in Netlist ; File Type       ; File Name with Absolute Path                                                                                          ; Library ;
+----------------------------------+-----------------+-----------------+-----------------------------------------------------------------------------------------------------------------------+---------+
; Lab3Blocks/ThreeToOneMux8Bit.vhd ; yes             ; User VHDL File  ; C:/Users/alecb/OneDrive - University of Ottawa/Documents/uOttawa/CEG 3156/Labs/Lab 3/Lab3Blocks/ThreeToOneMux8Bit.vhd ;         ;
+----------------------------------+-----------------+-----------------+-----------------------------------------------------------------------------------------------------------------------+---------+


+----------------------------------------------------------+
; Analysis & Synthesis Resource Usage Summary              ;
+---------------------------------------------+------------+
; Resource                                    ; Usage      ;
+---------------------------------------------+------------+
; Estimated Total logic elements              ; 16         ;
;                                             ;            ;
; Total combinational functions               ; 16         ;
; Logic element usage by number of LUT inputs ;            ;
;     -- 4 input functions                    ; 16         ;
;     -- 3 input functions                    ; 0          ;
;     -- <=2 input functions                  ; 0          ;
;                                             ;            ;
; Logic elements by mode                      ;            ;
;     -- normal mode                          ; 16         ;
;     -- arithmetic mode                      ; 0          ;
;                                             ;            ;
; Total registers                             ; 0          ;
;     -- Dedicated logic registers            ; 0          ;
;     -- I/O registers                        ; 0          ;
;                                             ;            ;
; I/O pins                                    ; 34         ;
; Embedded Multiplier 9-bit elements          ; 0          ;
; Maximum fan-out node                        ; S[1]~input ;
; Maximum fan-out                             ; 16         ;
; Total fan-out                               ; 106        ;
; Average fan-out                             ; 1.26       ;
+---------------------------------------------+------------+


+-----------------------------------------------------------------------------------------------------------------------------------------------------------------------------+
; Analysis & Synthesis Resource Utilization by Entity                                                                                                                         ;
+----------------------------+-------------------+--------------+-------------+--------------+---------+-----------+------+--------------+---------------------+--------------+
; Compilation Hierarchy Node ; LC Combinationals ; LC Registers ; Memory Bits ; DSP Elements ; DSP 9x9 ; DSP 18x18 ; Pins ; Virtual Pins ; Full Hierarchy Name ; Library Name ;
+----------------------------+-------------------+--------------+-------------+--------------+---------+-----------+------+--------------+---------------------+--------------+
; |ThreeToOneMux8Bit         ; 16 (16)           ; 0 (0)        ; 0           ; 0            ; 0       ; 0         ; 34   ; 0            ; |ThreeToOneMux8Bit  ; work         ;
+----------------------------+-------------------+--------------+-------------+--------------+---------+-----------+------+--------------+---------------------+--------------+
Note: For table entries with two numbers listed, the numbers in parentheses indicate the number of resources of the given type used by the specific entity alone. The numbers listed outside of parentheses indicate the total resources of the given type used by the specific entity and all of its sub-entities in the hierarchy.


+------------------------------------------------------+
; General Register Statistics                          ;
+----------------------------------------------+-------+
; Statistic                                    ; Value ;
+----------------------------------------------+-------+
; Total registers                              ; 0     ;
; Number of registers using Synchronous Clear  ; 0     ;
; Number of registers using Synchronous Load   ; 0     ;
; Number of registers using Asynchronous Clear ; 0     ;
; Number of registers using Asynchronous Load  ; 0     ;
; Number of registers using Clock Enable       ; 0     ;
; Number of registers using Preset             ; 0     ;
+----------------------------------------------+-------+


+-------------------------------+
; Elapsed Time Per Partition    ;
+----------------+--------------+
; Partition Name ; Elapsed Time ;
+----------------+--------------+
; Top            ; 00:00:01     ;
+----------------+--------------+


+-------------------------------+
; Analysis & Synthesis Messages ;
+-------------------------------+
Info: *******************************************************************
Info: Running Quartus II 64-Bit Analysis & Synthesis
    Info: Version 13.0.1 Build 232 06/12/2013 Service Pack 1 SJ Web Edition
    Info: Processing started: Wed Apr 03 19:07:41 2024
Info: Command: quartus_map --read_settings_files=on --write_settings_files=off Lab2 -c Lab2
Warning (20028): Parallel compilation is not licensed and has been disabled
Info (12021): Found 2 design units, including 1 entities, in source file mattpart/bitcombiner4with28to32.vhd
    Info (12022): Found design unit 1: BitCombiner4with28to32-combine
    Info (12023): Found entity 1: BitCombiner4with28to32
Info (12021): Found 2 design units, including 1 entities, in source file mattpart/mux5bit.vhd
    Info (12022): Found design unit 1: Mux5Bit-struct
    Info (12023): Found entity 1: Mux5Bit
Info (12021): Found 2 design units, including 1 entities, in source file mattpart/mux8bit.vhd
    Info (12022): Found design unit 1: Mux8Bit-struct
    Info (12023): Found entity 1: Mux8Bit
Info (12021): Found 2 design units, including 1 entities, in source file mattpart/mux6bit.vhd
    Info (12022): Found design unit 1: Mux6Bit-struct
    Info (12023): Found entity 1: Mux6Bit
Info (12021): Found 2 design units, including 1 entities, in source file mattpart/mux32bit.vhd
    Info (12022): Found design unit 1: Mux32Bit-struct
    Info (12023): Found entity 1: Mux32Bit
Info (12021): Found 2 design units, including 1 entities, in source file alecpart/addfour.vhd
    Info (12022): Found design unit 1: AddFour-rtl
    Info (12023): Found entity 1: AddFour
Info (12021): Found 2 design units, including 1 entities, in source file alecpart/alu.vhd
    Info (12022): Found design unit 1: ALU-rtl
    Info (12023): Found entity 1: ALU
Info (12021): Found 2 design units, including 1 entities, in source file alecpart/alucontrolunit.vhd
    Info (12022): Found design unit 1: ALUControlUnit-rtl
    Info (12023): Found entity 1: ALUControlUnit
Info (12021): Found 2 design units, including 1 entities, in source file alecpart/controllogicunit.vhd
    Info (12022): Found design unit 1: ControlLogicUnit-rtl
    Info (12023): Found entity 1: ControlLogicUnit
Info (12021): Found 2 design units, including 1 entities, in source file alecpart/secondaryparts/allzero32.vhd
    Info (12022): Found design unit 1: AllZero32-rtl
    Info (12023): Found entity 1: AllZero32
Info (12021): Found 2 design units, including 1 entities, in source file alecpart/secondaryparts/comparator32bit.vhd
    Info (12022): Found design unit 1: Comparator32bit-Structural
    Info (12023): Found entity 1: Comparator32bit
Info (12021): Found 2 design units, including 1 entities, in source file alecpart/secondaryparts/fourbitcla.vhd
    Info (12022): Found design unit 1: fourBitCLA-rtl
    Info (12023): Found entity 1: fourBitCLA
Info (12021): Found 2 design units, including 1 entities, in source file alecpart/secondaryparts/mux8x1_32bit.vhd
    Info (12022): Found design unit 1: mux8x1_32bit-rtl
    Info (12023): Found entity 1: mux8x1_32bit
Info (12021): Found 2 design units, including 1 entities, in source file alecpart/secondaryparts/thirtytwobitcla.vhd
    Info (12022): Found design unit 1: ThirtyTwoBitCLA-rtl
    Info (12023): Found entity 1: ThirtyTwoBitCLA
Info (12021): Found 2 design units, including 1 entities, in source file alecpart/secondaryparts/twoscomplement32.vhd
    Info (12022): Found design unit 1: TwosComplement32-rtl
    Info (12023): Found entity 1: TwosComplement32
Info (12021): Found 2 design units, including 1 entities, in source file mattpart/bottomshifter.vhd
    Info (12022): Found design unit 1: BottomShifter-shift
    Info (12023): Found entity 1: BottomShifter
Info (12021): Found 2 design units, including 1 entities, in source file mattpart/d_ff.vhd
    Info (12022): Found design unit 1: D_FF-RTL
    Info (12023): Found entity 1: D_FF
Info (12021): Found 2 design units, including 1 entities, in source file mattpart/fulladder.vhd
    Info (12022): Found design unit 1: FullAdder-struc
    Info (12023): Found entity 1: FullAdder
Info (12021): Found 2 design units, including 1 entities, in source file mattpart/halfadder.vhd
    Info (12022): Found design unit 1: HalfAdder-struct
    Info (12023): Found entity 1: HalfAdder
Info (12021): Found 2 design units, including 1 entities, in source file mattpart/pc.vhd
    Info (12022): Found design unit 1: PC-rtl
    Info (12023): Found entity 1: PC
Info (12021): Found 2 design units, including 1 entities, in source file mattpart/signextender.vhd
    Info (12022): Found design unit 1: SignExtender-extension
    Info (12023): Found entity 1: SignExtender
Info (12021): Found 2 design units, including 1 entities, in source file mattpart/toprightadder.vhd
    Info (12022): Found design unit 1: TopRightAdder-add
    Info (12023): Found entity 1: TopRightAdder
Info (12021): Found 2 design units, including 1 entities, in source file mattpart/topshifter.vhd
    Info (12022): Found design unit 1: TopShifter-shift
    Info (12023): Found entity 1: TopShifter
Info (12021): Found 2 design units, including 1 entities, in source file mattpart/twoonemultiplex.vhd
    Info (12022): Found design unit 1: TwoOneMultiplex-structure
    Info (12023): Found entity 1: TwoOneMultiplex
Info (12021): Found 2 design units, including 1 entities, in source file ram/sram.vhd
    Info (12022): Found design unit 1: sram-rtl
    Info (12023): Found entity 1: sram
Info (12021): Found 2 design units, including 1 entities, in source file registerfile/dflipflopasr.vhd
    Info (12022): Found design unit 1: DFlipFlopASR-rtl
    Info (12023): Found entity 1: DFlipFlopASR
Info (12021): Found 2 design units, including 1 entities, in source file registerfile/eightbitregister.vhd
    Info (12022): Found design unit 1: eightBitRegister-rtl
    Info (12023): Found entity 1: eightBitRegister
Info (12021): Found 2 design units, including 1 entities, in source file registerfile/fivebitdecoder.vhd
    Info (12022): Found design unit 1: FiveBitDecoder-rtl
    Info (12023): Found entity 1: FiveBitDecoder
Info (12021): Found 2 design units, including 1 entities, in source file registerfile/registersblock.vhd
    Info (12022): Found design unit 1: RegistersBlock-rtl
    Info (12023): Found entity 1: RegistersBlock
Info (12021): Found 2 design units, including 1 entities, in source file rom/rom.vhd
    Info (12022): Found design unit 1: rom-rtl
    Info (12023): Found entity 1: rom
Info (12021): Found 1 design units, including 1 entities, in source file rom/singlecycleprocessor.bdf
    Info (12023): Found entity 1: SingleCycleProcessor
Info (12021): Found 2 design units, including 1 entities, in source file alecpart/secondaryparts/mux8x1_8bit.vhd
    Info (12022): Found design unit 1: mux8x1_8bit-rtl
    Info (12023): Found entity 1: mux8x1_8bit
Info (12021): Found 2 design units, including 1 entities, in source file alecpart/secondaryparts/eightbitcla.vhd
    Info (12022): Found design unit 1: EightBitCLA-rtl
    Info (12023): Found entity 1: EightBitCLA
Info (12021): Found 2 design units, including 1 entities, in source file alecpart/secondaryparts/twoscomplement8.vhd
    Info (12022): Found design unit 1: TwosComplement8-rtl
    Info (12023): Found entity 1: TwosComplement8
Info (12021): Found 2 design units, including 1 entities, in source file alecpart/secondaryparts/allzero8.vhd
    Info (12022): Found design unit 1: AllZero8-rtl
    Info (12023): Found entity 1: AllZero8
Info (12021): Found 2 design units, including 1 entities, in source file alecpart/secondaryparts/comparator8bit.vhd
    Info (12022): Found design unit 1: Comparator8bit-Structural
    Info (12023): Found entity 1: Comparator8bit
Info (12021): Found 2 design units, including 1 entities, in source file mattpart/muxnbit.vhd
    Info (12022): Found design unit 1: MuxnBit-struct
    Info (12023): Found entity 1: MuxnBit
Info (12021): Found 2 design units, including 1 entities, in source file rom/srom.vhd
    Info (12022): Found design unit 1: srom-rtl
    Info (12023): Found entity 1: srom
Info (12021): Found 2 design units, including 1 entities, in source file lab3blocks/exmem_pipe.vhd
    Info (12022): Found design unit 1: EXMEM_Pipe-rtl
    Info (12023): Found entity 1: EXMEM_Pipe
Info (12021): Found 2 design units, including 1 entities, in source file lab3blocks/forwardingunit.vhd
    Info (12022): Found design unit 1: ForwardingUnit-rtl
    Info (12023): Found entity 1: ForwardingUnit
Info (12021): Found 2 design units, including 1 entities, in source file lab3blocks/hazarddetectionunit.vhd
    Info (12022): Found design unit 1: HazardDetectionUnit-rtl
    Info (12023): Found entity 1: HazardDetectionUnit
Info (12021): Found 2 design units, including 1 entities, in source file lab3blocks/idex_pipe.vhd
    Info (12022): Found design unit 1: IDEX_Pipe-rtl
    Info (12023): Found entity 1: IDEX_Pipe
Info (12021): Found 2 design units, including 1 entities, in source file lab3blocks/memwb_pipe.vhd
    Info (12022): Found design unit 1: MEMWB_Pipe-rtl
    Info (12023): Found entity 1: MEMWB_Pipe
Info (12021): Found 1 design units, including 1 entities, in source file pipelinedprocessor.bdf
    Info (12023): Found entity 1: PipelinedProcessor
Info (12021): Found 2 design units, including 1 entities, in source file lab3blocks/ifid_pipe.vhd
    Info (12022): Found design unit 1: IFID_Pipe-rtl
    Info (12023): Found entity 1: IFID_Pipe
Info (12021): Found 2 design units, including 1 entities, in source file lab3blocks/controlsgnialmultiplexer.vhd
    Info (12022): Found design unit 1: ControlSgnialMultiplexer-rtl
    Info (12023): Found entity 1: ControlSgnialMultiplexer
Info (12021): Found 2 design units, including 1 entities, in source file lab3blocks/mux1bit.vhd
    Info (12022): Found design unit 1: Mux1Bit-Structural
    Info (12023): Found entity 1: Mux1Bit
Info (12021): Found 2 design units, including 1 entities, in source file lab3blocks/threetoonemux8bit.vhd
    Info (12022): Found design unit 1: ThreeToOneMux8Bit-Structural
    Info (12023): Found entity 1: ThreeToOneMux8Bit
Info (12127): Elaborating entity "ThreeToOneMux8Bit" for the top level hierarchy
Info (286030): Timing-Driven Synthesis is running
Info (16010): Generating hard_block partition "hard_block:auto_generated_inst"
    Info (16011): Adding 0 node(s), including 0 DDIO, 0 PLL, 0 transceiver and 0 LCELL
Info (21057): Implemented 50 device resources after synthesis - the final resource count might be different
    Info (21058): Implemented 26 input pins
    Info (21059): Implemented 8 output pins
    Info (21061): Implemented 16 logic cells
Info: Quartus II 64-Bit Analysis & Synthesis was successful. 0 errors, 1 warning
    Info: Peak virtual memory: 4636 megabytes
    Info: Processing ended: Wed Apr 03 19:07:47 2024
    Info: Elapsed time: 00:00:06
    Info: Total CPU time (on all processors): 00:00:03


